
2013-07-31 15:34:34, [ERR], ...e/dou/work/svn/nginx_module/durap/system/core/router.lua:61, called by function:route, router failed, request: /welcome/datab, host: dou.com
2013-07-31 15:34:41, [DEBUG], ...ou/work/svn/nginx_module/durap/system/database/mysql.lua:271, called by function:query, log sql:, insert into `welcome` (`name`, `dateline`) values ('dou', '2013-07-31 15:34:41'), request: /welcome/database, host: dou.com
2013-07-31 15:34:41, [DEBUG], ...ou/work/svn/nginx_module/durap/system/database/mysql.lua:271, called by function:query, log sql:, select count(*) as num from `welcome, request: /welcome/database, host: dou.com
2013-07-31 15:34:41, [DEBUG], ...ou/work/svn/nginx_module/durap/system/database/mysql.lua:271, called by function:list, log sql:, SELECT `name` FROM `welcome`  WHERE `name` = 'dou' ORDER BY `dateline` DESC LIMIT 2, 10, request: /welcome/database, host: dou.com
2013-07-31 16:48:08, [ERR], ...e/dou/work/svn/nginx_module/durap/system/core/router.lua:61, called by function:route, router failed, request: /demo1/welcome/database, host: dou.com
2013-07-31 17:22:36, [ERR], ...e/dou/work/svn/nginx_module/durap/system/core/router.lua:61, called by function:route, router failed, request: /demo1/welcome/database, host: dou.com
2013-07-31 17:23:07, [ERR], ...e/dou/work/svn/nginx_module/durap/system/core/router.lua:61, called by function:route, router failed, request: /demo1/welcome/database, host: dou.com
2013-07-31 17:24:46, [ERR], ...e/dou/work/svn/nginx_module/durap/system/core/router.lua:62, called by function:route, router failed, 1, welcome, database, request: /demo1/welcome/database, host: dou.com
2013-07-31 17:25:27, [DEBUG], ...ou/work/svn/nginx_module/durap/system/database/mysql.lua:271, called by function:query, log sql:, insert into `welcome` (`name`, `dateline`) values ('dou', '2013-07-31 17:25:27'), request: /demo1/welcome/database, host: dou.com
2013-07-31 17:25:27, [DEBUG], ...ou/work/svn/nginx_module/durap/system/database/mysql.lua:271, called by function:query, log sql:, select count(*) as num from `welcome, request: /demo1/welcome/database, host: dou.com
2013-07-31 17:25:27, [DEBUG], ...ou/work/svn/nginx_module/durap/system/database/mysql.lua:271, called by function:list, log sql:, SELECT `name` FROM `welcome`  WHERE `name` = 'dou' ORDER BY `dateline` DESC LIMIT 2, 10, request: /demo1/welcome/database, host: dou.com
2013-07-31 18:06:17, [ERR], ...e/dou/work/svn/nginx_module/durap/system/core/router.lua:62, called by function:route, router failed, , request: /welcome/database, host: do.com
2013-07-31 18:08:02, [ERR], ...e/dou/work/svn/nginx_module/durap/system/core/router.lua:62, called by function:route, router failed, , request: /welcome/database, host: do.com
2013-07-31 18:08:11, [ERR], ...e/dou/work/svn/nginx_module/durap/system/core/router.lua:62, called by function:route, router failed, , request: /welcome/database, host: do.com
2013-07-31 18:10:19, [ERR], ...e/dou/work/svn/nginx_module/durap/system/core/router.lua:62, called by function:route, router failed, , request: /welcome/database, host: do.com
2013-07-31 18:10:47, [ERR], ...e/dou/work/svn/nginx_module/durap/system/core/router.lua:62, called by function:route, router failed, , request: /welcome/database, host: do.com
2013-07-31 18:11:29, [ERR], ...e/dou/work/svn/nginx_module/durap/system/core/router.lua:62, called by function:route, router failed, , request: /welcome/database, host: do.com
2013-07-31 18:12:23, [ERR], ...e/dou/work/svn/nginx_module/durap/system/core/router.lua:62, called by function:route, router failed, , request: /welcome/database, host: do.com
2013-07-31 18:13:20, [DEBUG], ...ou/work/svn/nginx_module/durap/system/database/mysql.lua:271, called by function:query, log sql:, insert into `welcome` (`name`, `dateline`) values ('dou', '2013-07-31 18:13:20'), request: /welcome/database, host: do.com
2013-07-31 18:13:20, [DEBUG], ...ou/work/svn/nginx_module/durap/system/database/mysql.lua:271, called by function:query, log sql:, select count(*) as num from `welcome, request: /welcome/database, host: do.com
2013-07-31 18:13:20, [DEBUG], ...ou/work/svn/nginx_module/durap/system/database/mysql.lua:271, called by function:list, log sql:, SELECT `name` FROM `welcome`  WHERE `name` = 'dou' ORDER BY `dateline` DESC LIMIT 2, 10, request: /welcome/database, host: do.com
2013-07-31 18:15:00, [DEBUG], ...ou/work/svn/nginx_module/durap/system/database/mysql.lua:271, called by function:query, log sql:, insert into `welcome` (`name`, `dateline`) values ('dou', '2013-07-31 18:15:00'), request: /welcome/database, host: do.com
2013-07-31 18:15:00, [DEBUG], ...ou/work/svn/nginx_module/durap/system/database/mysql.lua:271, called by function:query, log sql:, select count(*) as num from `welcome, request: /welcome/database, host: do.com
2013-07-31 18:15:00, [DEBUG], ...ou/work/svn/nginx_module/durap/system/database/mysql.lua:271, called by function:list, log sql:, SELECT `name` FROM `welcome`  WHERE `name` = 'dou' ORDER BY `dateline` DESC LIMIT 2, 10, request: /welcome/database, host: do.com
2013-07-31 18:15:01, [DEBUG], ...ou/work/svn/nginx_module/durap/system/database/mysql.lua:271, called by function:query, log sql:, insert into `welcome` (`name`, `dateline`) values ('dou', '2013-07-31 18:15:01'), request: /welcome/database, host: do.com
2013-07-31 18:15:01, [DEBUG], ...ou/work/svn/nginx_module/durap/system/database/mysql.lua:271, called by function:query, log sql:, select count(*) as num from `welcome, request: /welcome/database, host: do.com
2013-07-31 18:15:01, [DEBUG], ...ou/work/svn/nginx_module/durap/system/database/mysql.lua:271, called by function:list, log sql:, SELECT `name` FROM `welcome`  WHERE `name` = 'dou' ORDER BY `dateline` DESC LIMIT 2, 10, request: /welcome/database, host: do.com
2013-07-31 18:15:01, [DEBUG], ...ou/work/svn/nginx_module/durap/system/database/mysql.lua:271, called by function:query, log sql:, insert into `welcome` (`name`, `dateline`) values ('dou', '2013-07-31 18:15:01'), request: /welcome/database, host: do.com
2013-07-31 18:15:01, [DEBUG], ...ou/work/svn/nginx_module/durap/system/database/mysql.lua:271, called by function:query, log sql:, select count(*) as num from `welcome, request: /welcome/database, host: do.com
2013-07-31 18:15:01, [DEBUG], ...ou/work/svn/nginx_module/durap/system/database/mysql.lua:271, called by function:list, log sql:, SELECT `name` FROM `welcome`  WHERE `name` = 'dou' ORDER BY `dateline` DESC LIMIT 2, 10, request: /welcome/database, host: do.com
2013-07-31 18:15:16, [DEBUG], ...ou/work/svn/nginx_module/durap/system/database/mysql.lua:271, called by function:query, log sql:, insert into `welcome` (`name`, `dateline`) values ('dou', '2013-07-31 18:15:16'), request: /demo2/welcome/database, host: dou.com
2013-07-31 18:15:16, [DEBUG], ...ou/work/svn/nginx_module/durap/system/database/mysql.lua:271, called by function:query, log sql:, select count(*) as num from `welcome, request: /demo2/welcome/database, host: dou.com
2013-07-31 18:15:16, [DEBUG], ...ou/work/svn/nginx_module/durap/system/database/mysql.lua:271, called by function:list, log sql:, SELECT `name` FROM `welcome`  WHERE `name` = 'dou' ORDER BY `dateline` DESC LIMIT 2, 10, request: /demo2/welcome/database, host: dou.com
2013-07-31 18:15:20, [DEBUG], ...ou/work/svn/nginx_module/durap/system/database/mysql.lua:271, called by function:query, log sql:, insert into `welcome` (`name`, `dateline`) values ('dou', '2013-07-31 18:15:20'), request: /demo2/welcome/database, host: dou.com
2013-07-31 18:15:20, [DEBUG], ...ou/work/svn/nginx_module/durap/system/database/mysql.lua:271, called by function:query, log sql:, select count(*) as num from `welcome, request: /demo2/welcome/database, host: dou.com
2013-07-31 18:15:20, [DEBUG], ...ou/work/svn/nginx_module/durap/system/database/mysql.lua:271, called by function:list, log sql:, SELECT `name` FROM `welcome`  WHERE `name` = 'dou' ORDER BY `dateline` DESC LIMIT 2, 10, request: /demo2/welcome/database, host: dou.com
2013-07-31 18:15:21, [DEBUG], ...ou/work/svn/nginx_module/durap/system/database/mysql.lua:271, called by function:query, log sql:, insert into `welcome` (`name`, `dateline`) values ('dou', '2013-07-31 18:15:21'), request: /welcome/database, host: do.com
2013-07-31 18:15:21, [DEBUG], ...ou/work/svn/nginx_module/durap/system/database/mysql.lua:271, called by function:query, log sql:, select count(*) as num from `welcome, request: /welcome/database, host: do.com
2013-07-31 18:15:21, [DEBUG], ...ou/work/svn/nginx_module/durap/system/database/mysql.lua:271, called by function:list, log sql:, SELECT `name` FROM `welcome`  WHERE `name` = 'dou' ORDER BY `dateline` DESC LIMIT 2, 10, request: /welcome/database, host: do.com
2013-07-31 18:15:23, [DEBUG], ...ou/work/svn/nginx_module/durap/system/database/mysql.lua:271, called by function:query, log sql:, insert into `welcome` (`name`, `dateline`) values ('dou', '2013-07-31 18:15:23'), request: /welcome/database, host: do.com
2013-07-31 18:15:23, [DEBUG], ...ou/work/svn/nginx_module/durap/system/database/mysql.lua:271, called by function:query, log sql:, select count(*) as num from `welcome, request: /welcome/database, host: do.com
2013-07-31 18:15:23, [DEBUG], ...ou/work/svn/nginx_module/durap/system/database/mysql.lua:271, called by function:list, log sql:, SELECT `name` FROM `welcome`  WHERE `name` = 'dou' ORDER BY `dateline` DESC LIMIT 2, 10, request: /welcome/database, host: do.com
2013-07-31 18:15:24, [DEBUG], ...ou/work/svn/nginx_module/durap/system/database/mysql.lua:271, called by function:query, log sql:, insert into `welcome` (`name`, `dateline`) values ('dou', '2013-07-31 18:15:24'), request: /demo2/welcome/database, host: dou.com
2013-07-31 18:15:24, [DEBUG], ...ou/work/svn/nginx_module/durap/system/database/mysql.lua:271, called by function:query, log sql:, select count(*) as num from `welcome, request: /demo2/welcome/database, host: dou.com
2013-07-31 18:15:24, [DEBUG], ...ou/work/svn/nginx_module/durap/system/database/mysql.lua:271, called by function:list, log sql:, SELECT `name` FROM `welcome`  WHERE `name` = 'dou' ORDER BY `dateline` DESC LIMIT 2, 10, request: /demo2/welcome/database, host: dou.com
